<?xml version="1.0" encoding="UTF-8"?>
<!-- Generated by org.testng.reporters.JUnitReportReporter -->
<testsuite hostname="DELL-PC" failures="0" tests="1" name="runners.CRMRunner" time="36.080" errors="0" timestamp="2021-11-19T10:30:15 IST" skipped="0">
  <testcase classname="runners.CRMRunner" name="runScenario" time="36.080"/>
  <system-out/>
</testsuite> <!-- runners.CRMRunner -->
